10 23 9 2.1e-05
20 83 23 2e-05
30 145 51 3e-05
40 240 61 4.3e-05
50 286 100 5.1e-05
10 29 9 1.3e-05
20 85 26 2e-05
30 122 35 3.1e-05
40 222 61 5.5e-05
50 284 85 5.5e-05
10 27 10 1e-05
20 98 28 2.4e-05
30 162 59 3.1e-05
40 204 58 4.4e-05
50 308 77 5.8e-05
10 26 6 1.1e-05
20 77 24 2.1e-05
30 133 36 3.7e-05
40 203 76 4.6e-05
50 266 77 5.6e-05
10 25 10 1.3e-05
20 71 25 2.1e-05
30 163 35 3.5e-05
40 232 57 4.6e-05
50 279 60 5e-05
10 27 7 1.2e-05
20 70 25 2.2e-05
30 145 50 4.2e-05
40 191 46 4.7e-05
50 301 100 5.1e-05
10 28 8 1.1e-05
20 82 19 2e-05
30 143 47 3.3e-05
40 195 63 4.1e-05
50 294 72 5.7e-05
10 34 11 2e-05
20 68 24 2.8e-05
30 137 35 3.1e-05
40 195 60 4.4e-05
50 264 76 5.2e-05
10 27 7 9e-06
20 91 23 2e-05
30 126 37 2.8e-05
40 203 69 4.1e-05
50 274 100 5.1e-05
10 28 9 1e-05
20 74 25 2e-05
30 141 44 3.9e-05
40 213 61 3.7e-05
50 297 86 4.8e-05
10 26 8 1e-05
20 72 24 1.5e-05
30 162 43 2.7e-05
40 196 63 3.8e-05
50 302 107 4.7e-05
10 22 6 9e-06
20 79 21 1.6e-05
30 130 40 2.4e-05
40 200 67 4e-05
50 328 100 4.8e-05
10 30 10 9e-06
20 98 37 1.8e-05
30 141 40 2.7e-05
40 217 78 3.4e-05
50 335 119 4.4e-05
10 24 6 9e-06
20 84 20 1.9e-05
30 142 46 3.9e-05
40 193 70 4.6e-05
50 306 101 4.3e-05
10 24 10 9e-06
20 69 20 2e-05
30 135 48 2.7e-05
40 210 71 4e-05
50 266 91 4.5e-05
10 28 8 1e-05
20 76 25 1.8e-05
30 140 36 2.6e-05
40 211 60 3.6e-05
50 297 86 4.4e-05
10 24 7 9e-06
20 68 20 2e-05
30 145 53 3.2e-05
40 209 76 3.8e-05
50 294 114 7.6e-05
10 28 12 1e-05
20 88 19 2e-05
30 128 37 2.8e-05
40 191 60 3.8e-05
50 302 115 5.4e-05
10 28 5 1e-05
20 82 22 1.6e-05
30 131 35 3.1e-05
40 246 67 4.2e-05
50 270 90 5.1e-05
10 25 7 1e-05
20 80 25 2e-05
30 127 39 2.7e-05
40 203 68 3.9e-05
50 294 98 5.5e-05
10 29 8 1.3e-05
20 71 18 2.3e-05
30 122 37 2.7e-05
40 204 66 3.2e-05
50 289 86 4.7e-05
10 32 9 9e-06
20 71 29 1.8e-05
30 137 46 2.7e-05
40 185 52 3.1e-05
50 310 90 4.8e-05
10 24 9 9e-06
20 77 30 1.8e-05
30 131 36 2.8e-05
40 196 72 3.6e-05
50 275 88 4.3e-05
10 27 9 7e-06
20 75 29 1.7e-05
30 121 34 2.9e-05
40 183 47 3.5e-05
50 308 65 4.6e-05
10 31 8 7e-06
20 78 24 2e-05
30 136 39 2.9e-05
40 196 55 3e-05
50 239 57 4.1e-05
10 30 7 9e-06
20 73 22 2e-05
30 128 44 2.9e-05
40 207 68 3.5e-05
50 270 85 4.3e-05
10 22 7 7e-06
20 66 19 1.6e-05
30 124 42 2.4e-05
40 198 71 3.3e-05
50 273 100 4.1e-05
10 30 9 9e-06
20 71 24 2.1e-05
30 158 47 3.1e-05
40 201 74 6.6e-05
50 249 62 4.9e-05
10 29 10 8e-06
20 76 31 2.1e-05
30 127 35 2.9e-05
40 190 48 4e-05
50 276 89 4.5e-05
10 24 5 9e-06
20 80 19 1.6e-05
30 124 38 2.3e-05
40 203 73 3.4e-05
50 258 82 4.7e-05
10 25 12 9e-06
20 83 33 1.8e-05
30 126 41 2.9e-05
40 177 47 3.4e-05
50 337 100 4.2e-05
10 23 11 7e-06
20 74 22 1.6e-05
30 168 63 2.4e-05
40 222 64 3.7e-05
50 278 84 4.7e-05
10 25 8 7e-06
20 88 21 1.8e-05
30 116 41 2.6e-05
40 207 68 3.6e-05
50 266 87 4.5e-05
10 24 11 1e-05
20 90 25 1.8e-05
30 133 29 2.7e-05
40 201 67 3.7e-05
50 250 77 4.3e-05
10 27 10 7e-06
20 71 22 1.6e-05
30 142 41 2.4e-05
40 175 45 3.2e-05
50 282 84 4.3e-05
10 23 9 9e-06
20 76 26 1.8e-05
30 164 39 2.9e-05
40 178 61 3.8e-05
50 303 83 4.2e-05
10 23 9 1.1e-05
20 73 22 2e-05
30 136 53 3.3e-05
40 189 60 3.6e-05
50 250 90 4.1e-05
10 34 9 9e-06
20 97 21 1.8e-05
30 140 45 2.7e-05
40 193 55 3.8e-05
50 313 92 4.5e-05
10 29 6 1.1e-05
20 71 25 1.6e-05
30 131 44 2.2e-05
40 183 56 3.8e-05
50 269 86 5e-05
10 38 13 1e-05
20 70 15 1.6e-05
30 174 53 2.8e-05
40 227 65 3.4e-05
50 339 92 5.8e-05
10 25 10 9e-06
20 74 21 1.5e-05
30 166 44 3e-05
40 184 63 3.6e-05
50 264 86 5e-05
10 29 13 9e-06
20 83 20 2e-05
30 129 40 3.1e-05
40 205 72 3.3e-05
50 309 79 4.4e-05
10 27 8 9e-06
20 93 34 1.8e-05
30 137 56 3.1e-05
40 213 60 3.6e-05
50 306 66 4.9e-05
10 26 9 7e-06
20 66 25 1.4e-05
30 122 42 4e-05
40 245 65 5.1e-05
50 267 76 5.4e-05
10 36 8 1.2e-05
20 77 25 1.8e-05
30 127 47 2.8e-05
40 195 57 4.1e-05
50 292 89 5.9e-05
10 24 9 8e-06
20 92 23 2.6e-05
30 198 28 3.2e-05
40 272 54 4.1e-05
50 271 72 4.3e-05
10 25 7 9e-06
20 79 24 2e-05
30 164 37 2.6e-05
40 216 61 4.9e-05
50 273 76 5.3e-05
10 28 7 1.1e-05
20 70 22 1.9e-05
30 129 44 3e-05
40 214 83 4.1e-05
50 252 82 6e-05
10 24 8 1e-05
20 69 26 1.8e-05
30 121 41 3e-05
40 187 52 4.3e-05
50 264 84 6.9e-05
10 26 9 1e-05
20 89 27 2e-05
30 139 51 3.1e-05
40 193 60 4.1e-05
50 280 83 5.5e-05
10 32 15 9e-06
20 71 26 1.5e-05
30 168 51 2.5e-05
40 200 71 3.5e-05
50 272 64 4.3e-05
10 27 8 9e-06
20 79 25 2e-05
30 141 36 2.6e-05
40 191 66 3.5e-05
50 280 85 4.3e-05
10 28 8 1e-05
20 67 23 1.8e-05
30 171 38 4.1e-05
40 246 79 3e-05
50 318 95 4.8e-05
10 35 8 7e-06
20 73 30 1.6e-05
30 140 49 2.8e-05
40 206 70 3.5e-05
50 265 72 4.8e-05
10 24 9 7e-06
20 79 23 1.8e-05
30 128 32 2.7e-05
40 186 52 3.8e-05
50 240 83 4.3e-05
10 28 9 9e-06
20 66 22 2e-05
30 124 36 2.5e-05
40 232 74 3.8e-05
50 363 97 4.6e-05
10 28 8 1.1e-05
20 72 30 1.6e-05
30 159 50 3e-05
40 187 58 3.4e-05
50 301 81 4.5e-05
10 30 8 9e-06
20 68 20 1.7e-05
30 125 44 2.6e-05
40 202 65 4e-05
50 299 96 3.8e-05
10 24 9 9e-06
20 79 17 2e-05
30 137 39 2.9e-05
40 201 61 3.3e-05
50 255 79 4.5e-05
10 23 8 9e-06
20 77 17 1.8e-05
30 119 44 2.7e-05
40 181 46 7.7e-05
50 257 78 6e-05
10 25 8 1.1e-05
20 82 19 1.8e-05
30 134 37 2.7e-05
40 236 63 3.4e-05
50 341 123 5.1e-05
10 26 9 9e-06
20 72 24 1.7e-05
30 127 44 2.6e-05
40 213 69 3.8e-05
50 288 60 4.6e-05
10 28 7 1e-05
20 72 20 1.7e-05
30 118 32 2.5e-05
40 217 75 3.6e-05
50 289 91 4.6e-05
10 29 8 1.6e-05
20 74 25 2.1e-05
30 140 37 2.8e-05
40 200 71 4.1e-05
50 261 69 4.9e-05
10 24 9 8e-06
20 81 26 2e-05
30 122 42 3.1e-05
40 215 52 3.7e-05
50 278 65 5.2e-05
10 26 11 1e-05
20 76 23 2e-05
30 145 40 2.8e-05
40 200 62 4.5e-05
50 338 92 6.2e-05
10 28 6 4.2e-05
20 68 22 2.5e-05
30 126 34 2.9e-05
40 214 71 4.4e-05
50 262 90 5.1e-05
10 25 8 1e-05
20 79 27 2e-05
30 147 32 3.1e-05
40 189 58 4.5e-05
50 271 70 4.9e-05
10 22 10 1.1e-05
20 70 27 1.5e-05
30 119 44 4.1e-05
40 180 58 3.3e-05
50 336 93 4.8e-05
10 26 10 3.6e-05
20 80 24 2e-05
30 122 36 2.6e-05
40 190 50 3.9e-05
50 243 93 4.1e-05
10 28 9 9e-06
20 73 25 1.6e-05
30 136 52 2.5e-05
40 264 71 3.5e-05
50 330 103 4.5e-05
10 27 8 1.2e-05
20 81 27 1.6e-05
30 170 57 2.7e-05
40 182 56 3.3e-05
50 232 66 4.6e-05
10 25 11 9e-06
20 83 32 2e-05
30 162 37 3e-05
40 177 54 0.00013
50 246 81 5.3e-05
10 24 7 9e-06
20 63 20 1.6e-05
30 132 40 2.6e-05
40 181 50 3.8e-05
50 262 62 4.1e-05
10 26 7 9e-06
20 78 24 2e-05
30 140 51 2.8e-05
40 208 56 3.4e-05
50 268 90 4.5e-05
10 25 7 1e-05
20 84 18 2e-05
30 139 48 2.5e-05
40 191 65 3.6e-05
50 273 72 7.7e-05
10 24 9 1e-05
20 66 20 2e-05
30 144 48 3.8e-05
40 208 63 6.8e-05
50 246 61 4.9e-05
10 29 7 1.3e-05
20 75 33 4.2e-05
30 144 40 2.9e-05
40 233 80 4.3e-05
50 286 84 4.9e-05
10 21 6 8e-06
20 73 22 2.2e-05
30 139 50 3e-05
40 182 53 0.000172
50 301 103 5.1e-05
10 27 6 1.1e-05
20 66 19 2e-05
30 138 47 3.1e-05
40 230 85 4.4e-05
50 273 82 5.3e-05
10 25 8 7e-06
20 79 26 1.8e-05
30 145 46 3.1e-05
40 181 44 4.3e-05
50 324 68 5.3e-05
10 28 9 1e-05
20 81 29 1.8e-05
30 129 42 3.4e-05
40 203 65 3.7e-05
50 358 118 5e-05
10 34 10 1.1e-05
20 66 24 2e-05
30 122 43 3.2e-05
40 202 54 4.3e-05
50 339 85 5.7e-05
10 26 10 9e-06
20 71 21 2e-05
30 156 52 3.1e-05
40 239 48 4.4e-05
50 265 89 5.6e-05
10 24 7 1e-05
20 86 27 1.8e-05
30 140 48 3.3e-05
40 186 64 4.4e-05
50 261 87 6.6e-05
10 29 8 1e-05
20 66 18 1.7e-05
30 211 39 3.3e-05
40 190 49 3.4e-05
50 260 69 4.2e-05
10 26 9 9e-06
20 87 17 1.9e-05
30 119 39 2.2e-05
40 220 57 3.9e-05
50 280 87 4.2e-05
10 24 7 7e-06
20 92 23 1.9e-05
30 122 34 2.9e-05
40 206 56 3.7e-05
50 341 63 7.6e-05
10 27 11 7e-06
20 72 18 1.9e-05
30 138 44 2.6e-05
40 192 45 3.4e-05
50 320 69 4.2e-05
10 25 7 9e-06
20 72 24 1.8e-05
30 140 45 2.7e-05
40 208 58 3.5e-05
50 291 85 4.4e-05
10 28 12 9e-06
20 79 18 2e-05
30 139 42 2.8e-05
40 199 57 4e-05
50 247 72 4.6e-05
10 24 7 9e-06
20 75 28 1.8e-05
30 120 40 2.6e-05
40 198 70 3.1e-05
50 258 70 4.5e-05
10 29 7 7e-06
20 78 22 1.6e-05
30 134 41 2.4e-05
40 182 68 3.3e-05
50 295 112 4.1e-05
10 40 7 9e-06
20 75 30 1.6e-05
30 128 47 2.8e-05
40 236 80 3.3e-05
50 271 70 4.7e-05
10 24 6 9e-06
20 79 23 1.8e-05
30 141 40 4.1e-05
40 189 53 3.4e-05
50 239 63 4.7e-05
10 23 10 6e-06
20 74 29 1.8e-05
30 137 37 2.9e-05
40 261 67 3.5e-05
50 252 80 4.3e-05
10 22 8 9e-06
20 78 17 1.4e-05
30 145 33 2.9e-05
40 209 56 3.4e-05
50 418 97 5.5e-05
10 28 11 1e-05
20 103 26 2e-05
30 151 47 2.8e-05
40 182 45 3.6e-05
50 311 83 5.7e-05
10 27 10 7e-06
20 73 21 1.6e-05
30 147 37 2.5e-05
40 204 69 3.8e-05
50 253 77 4.7e-05
10 24 6 7e-06
20 71 26 1.8e-05
30 134 44 6.6e-05
40 215 57 3.9e-05
50 277 59 4.6e-05
