10 28 20 7e-06
20 126 111 1.1e-05
30 114 45 1.2e-05
40 220 73 1.7e-05
50 274 87 1.9e-05
10 41 36 4e-06
20 124 108 9e-06
30 180 59 1.3e-05
40 183 49 1.5e-05
50 314 89 2.2e-05
10 33 25 4e-06
20 118 103 1e-05
30 114 56 1e-05
40 167 64 1.4e-05
50 244 109 1.9e-05
10 22 14 4e-06
20 138 122 1.1e-05
30 136 60 1.1e-05
40 267 98 1.8e-05
50 244 125 1.8e-05
10 37 29 4e-06
20 111 93 1e-05
30 185 98 1.3e-05
40 164 71 1.4e-05
50 283 73 1.9e-05
10 32 26 3e-06
20 113 99 9e-06
30 113 47 9e-06
40 187 106 1.5e-05
50 230 106 2e-05
10 31 23 4e-06
20 113 96 9e-06
30 116 39 1e-05
40 200 71 1.5e-05
50 226 99 1.8e-05
10 28 21 4e-06
20 103 86 9e-06
30 140 55 1.1e-05
40 220 101 1.6e-05
50 248 103 1.8e-05
10 35 28 4e-06
20 118 102 9e-06
30 127 46 1e-05
40 173 77 1.4e-05
50 236 91 1.9e-05
10 19 12 3e-06
20 121 105 9e-06
30 125 46 1e-05
40 169 86 1.4e-05
50 294 98 2.1e-05
10 32 26 4e-06
20 81 63 8e-06
30 105 54 9e-06
40 198 67 1.5e-05
50 254 89 1.9e-05
10 35 29 6e-06
20 126 113 1.1e-05
30 113 59 1e-05
40 211 112 1.7e-05
50 232 75 1.8e-05
10 27 19 4e-06
20 127 111 1.1e-05
30 109 56 1e-05
40 193 57 1.5e-05
50 222 95 1.8e-05
10 32 25 4e-06
20 106 92 0.00014
30 151 82 1.4e-05
40 191 44 1.8e-05
50 276 122 2.2e-05
10 25 17 4e-06
20 103 87 9e-06
30 154 42 1.2e-05
40 160 72 1.4e-05
50 253 94 2e-05
10 35 26 5e-06
20 130 115 1.1e-05
30 131 51 1.2e-05
40 190 70 1.5e-05
50 264 139 2e-05
10 31 24 4e-06
20 113 95 1e-05
30 119 39 1e-05
40 233 68 1.7e-05
50 257 110 2e-05
10 33 25 4e-06
20 118 101 1e-05
30 169 56 1.3e-05
40 188 106 1.6e-05
50 289 147 2.2e-05
10 23 17 3e-06
20 123 108 1.1e-05
30 135 70 1.2e-05
40 203 75 6.3e-05
50 254 107 2.1e-05
10 37 32 4e-06
20 149 132 1.2e-05
30 114 42 1e-05
40 233 91 1.8e-05
50 240 92 1.8e-05
10 26 17 3e-06
20 143 125 1.3e-05
30 110 56 1.1e-05
40 181 88 1.6e-05
50 282 137 2.2e-05
10 36 28 4e-06
20 130 113 1.1e-05
30 113 40 1e-05
40 224 111 1.7e-05
50 242 89 1.9e-05
10 35 29 4e-06
20 113 98 1e-05
30 124 49 1.1e-05
40 183 66 1.5e-05
50 260 92 2e-05
10 37 30 4e-06
20 92 73 8e-06
30 161 38 1.2e-05
40 176 65 1.7e-05
50 246 145 1.8e-05
10 29 22 5e-06
20 123 107 9e-06
30 114 68 9e-06
40 191 95 1.4e-05
50 302 152 1.7e-05
10 31 24 4e-06
20 92 74 9e-06
30 116 37 8e-06
40 176 71 1.1e-05
50 280 147 1.8e-05
10 23 15 4e-06
20 129 113 9e-06
30 115 56 9e-06
40 184 75 1.4e-05
50 244 91 3.5e-05
10 30 24 4e-06
20 108 90 8e-06
30 143 45 1.1e-05
40 196 66 1.5e-05
50 222 114 6.8e-05
10 40 34 6e-06
20 113 96 1e-05
30 126 64 1.5e-05
40 178 90 1.5e-05
50 274 100 2.2e-05
10 22 15 3e-06
20 134 118 1.3e-05
30 133 36 1.3e-05
40 216 52 1.7e-05
50 227 86 1.7e-05
10 38 32 5e-06
20 115 99 1e-05
30 117 46 1.1e-05
40 198 81 1.6e-05
50 255 110 0.000182
10 32 27 5e-06
20 114 97 8e-06
30 144 39 9e-06
40 188 91 1.3e-05
50 286 127 1.9e-05
10 36 31 6e-06
20 131 118 1.1e-05
30 149 54 9.4e-05
40 170 70 5.3e-05
50 224 82 1.7e-05
10 30 22 4e-06
20 141 128 1.2e-05
30 137 43 1.1e-05
40 167 72 3.2e-05
50 295 71 1.9e-05
10 19 12 5e-06
20 121 106 9e-06
30 124 45 1e-05
40 242 134 1.8e-05
50 233 97 1.8e-05
10 31 25 4e-06
20 117 101 1e-05
30 116 40 1e-05
40 175 80 1.4e-05
50 217 105 0.000105
10 30 23 4e-06
20 134 121 1.2e-05
30 116 43 9e-06
40 208 82 1.5e-05
50 255 106 2.1e-05
10 35 28 5e-06
20 108 90 7e-06
30 114 47 9e-06
40 169 74 1.5e-05
50 233 121 1.9e-05
10 39 33 6e-06
20 108 90 7e-06
30 137 49 2.8e-05
40 174 78 1.3e-05
50 285 124 1.9e-05
10 35 28 4e-06
20 122 107 9e-06
30 110 42 9e-06
40 265 71 0.000308
50 239 80 0.000125
10 38 30 5e-06
20 125 109 1.1e-05
30 112 53 1.1e-05
40 180 85 1.4e-05
50 278 91 2.1e-05
10 28 22 3e-06
20 91 76 7e-06
30 108 58 1.2e-05
40 199 66 1.5e-05
50 290 123 2.1e-05
10 30 23 4e-06
20 117 100 9e-06
30 139 39 1e-05
40 190 69 1.5e-05
50 246 105 1.9e-05
10 34 27 4e-06
20 101 85 9e-06
30 129 37 1.1e-05
40 170 72 1.4e-05
50 236 101 1.9e-05
10 34 25 4e-06
20 123 107 1.1e-05
30 110 31 1e-05
40 223 76 1.7e-05
50 249 121 7.9e-05
10 38 32 5e-06
20 119 101 9e-06
30 106 46 1e-05
40 223 55 1.7e-05
50 258 94 2e-05
10 29 22 3e-06
20 117 102 1e-05
30 166 64 1.3e-05
40 171 71 1.4e-05
50 281 140 2.2e-05
10 32 24 3e-06
20 91 74 8e-06
30 123 61 1.1e-05
40 204 76 1.6e-05
50 245 128 1.9e-05
10 36 31 4e-06
20 134 117 1.1e-05
30 137 68 4.4e-05
40 205 84 1.6e-05
50 228 92 1.8e-05
10 29 21 4e-06
20 100 84 8e-06
30 123 74 1e-05
40 196 61 1.6e-05
50 292 102 2.1e-05
10 37 32 4e-06
20 124 108 1.1e-05
30 125 44 1.1e-05
40 180 63 1.4e-05
50 276 143 2.1e-05
10 34 31 5e-06
20 118 103 1.1e-05
30 117 41 1.1e-05
40 190 55 1.5e-05
50 293 116 2.1e-05
10 30 25 4e-06
20 111 95 1.1e-05
30 136 49 1.1e-05
40 227 99 1.8e-05
50 281 86 2e-05
10 34 26 8e-06
20 109 90 8e-06
30 109 43 3.2e-05
40 199 57 2e-05
50 271 101 2.2e-05
10 27 20 4e-06
20 128 114 1.1e-05
30 120 49 1.2e-05
40 205 70 1.6e-05
50 267 114 2e-05
10 33 28 5e-06
20 114 100 1.3e-05
30 130 45 1.3e-05
40 182 56 1.6e-05
50 302 139 2.5e-05
10 36 30 6e-06
20 88 71 8e-06
30 135 51 1.3e-05
40 207 100 1.6e-05
50 322 100 2.4e-05
10 20 12 4e-06
20 114 97 9e-06
30 99 42 9e-06
40 194 86 1.5e-05
50 242 92 4.5e-05
10 30 24 4e-06
20 141 125 1.2e-05
30 109 46 1e-05
40 212 64 1.6e-05
50 327 99 2.4e-05
10 24 16 3e-06
20 111 94 1.1e-05
30 113 41 4.6e-05
40 202 58 1.7e-05
50 253 106 2e-05
10 35 29 4e-06
20 107 90 9e-06
30 124 68 1.1e-05
40 180 82 1.5e-05
50 236 93 1.9e-05
10 34 30 4e-06
20 118 102 1.1e-05
30 106 55 1e-05
40 199 63 1.6e-05
50 267 109 2e-05
10 23 15 3e-06
20 152 138 1.2e-05
30 130 40 1.1e-05
40 171 74 1.4e-05
50 244 112 1.9e-05
10 18 11 3e-06
20 146 133 1.3e-05
30 153 53 1.2e-05
40 193 111 1.6e-05
50 271 85 2e-05
10 32 26 3e-06
20 109 92 9e-06
30 108 43 9e-06
40 185 58 1.5e-05
50 264 98 2e-05
10 28 22 4e-06
20 102 83 9e-06
30 145 40 1.1e-05
40 160 73 1.4e-05
50 253 77 1.9e-05
10 41 33 4e-06
20 122 109 1e-05
30 119 40 1.1e-05
40 183 72 1.3e-05
50 267 85 1.8e-05
10 27 21 6e-06
20 92 76 8e-06
30 115 59 1e-05
40 177 79 1.4e-05
50 315 79 2.3e-05
10 26 21 3e-06
20 102 84 8e-06
30 106 44 1e-05
40 170 68 1.3e-05
50 265 85 1.9e-05
10 30 23 2e-05
20 146 131 1e-05
30 141 42 1.4e-05
40 170 70 1.5e-05
50 287 118 1.7e-05
10 30 21 5e-06
20 124 107 1e-05
30 113 38 1.1e-05
40 235 105 1.7e-05
50 247 79 1.8e-05
10 39 34 8e-06
20 128 111 1e-05
30 121 55 1.3e-05
40 178 88 1.5e-05
50 272 106 2.2e-05
10 32 25 4e-06
20 99 82 9e-06
30 106 50 1e-05
40 194 71 1.5e-05
50 234 93 1.9e-05
10 25 16 4e-06
20 133 119 1.1e-05
30 169 51 1.3e-05
40 241 51 1.7e-05
50 300 132 2.2e-05
10 35 28 4e-06
20 123 108 1e-05
30 103 46 9e-06
40 205 85 1.7e-05
50 250 117 1.9e-05
10 26 18 5e-06
20 102 85 8e-06
30 116 51 1.2e-05
40 179 81 1.4e-05
50 234 94 1.7e-05
10 31 24 4e-06
20 130 115 1e-05
30 158 66 1.3e-05
40 192 61 1.6e-05
50 230 118 2e-05
10 28 20 4e-06
20 131 117 1e-05
30 129 40 1e-05
40 186 101 1.5e-05
50 253 98 1.9e-05
10 35 31 4e-06
20 90 73 8e-06
30 116 51 1e-05
40 175 82 1.6e-05
50 249 112 2.1e-05
10 26 17 4e-06
20 86 68 7e-06
30 117 35 1e-05
40 164 55 1.4e-05
50 306 85 2.2e-05
10 36 29 4e-06
20 147 131 1.1e-05
30 125 48 1e-05
40 171 76 1.2e-05
50 243 98 1.6e-05
10 33 25 4e-06
20 114 97 9e-06
30 122 41 8e-06
40 177 67 1.4e-05
50 233 76 1.7e-05
10 30 22 5e-06
20 111 97 1.1e-05
30 105 53 9e-06
40 195 59 1.3e-05
50 241 97 2.2e-05
10 30 23 5e-06
20 113 97 1e-05
30 127 52 1.4e-05
40 186 66 1.5e-05
50 307 94 2.2e-05
10 35 26 5e-06
20 131 116 1.4e-05
30 135 48 2.7e-05
40 191 80 0.000264
50 233 94 1.9e-05
10 40 33 4e-06
20 111 96 9e-06
30 144 62 1.3e-05
40 246 71 2.1e-05
50 272 133 2e-05
10 25 17 3e-06
20 137 123 1.2e-05
30 133 52 1e-05
40 168 56 1.3e-05
50 295 98 2.3e-05
10 33 26 5e-06
20 107 91 8e-06
30 161 44 1.3e-05
40 247 73 2.1e-05
50 225 78 2e-05
10 21 15 6e-06
20 107 91 9e-06
30 162 45 1.4e-05
40 184 85 1.6e-05
50 264 130 4.1e-05
10 29 22 4e-06
20 133 115 1.1e-05
30 118 46 1.1e-05
40 176 80 1.4e-05
50 242 93 1.9e-05
10 33 26 4e-06
20 129 113 1.1e-05
30 126 43 1.1e-05
40 231 77 1.8e-05
50 284 122 2.1e-05
10 39 32 5e-06
20 92 77 8e-06
30 112 46 1e-05
40 187 56 1.5e-05
50 261 92 2e-05
10 33 25 4e-06
20 128 112 1.1e-05
30 107 53 1e-05
40 169 83 1.4e-05
50 221 93 1.8e-05
10 27 21 3e-06
20 98 83 9e-06
30 114 40 1e-05
40 187 89 1.5e-05
50 311 122 2.5e-05
10 26 18 4e-06
20 117 102 3.7e-05
30 136 50 1.2e-05
40 197 107 0.000448
50 288 128 2.2e-05
10 27 20 5e-06
20 126 110 9e-06
30 123 64 1e-05
40 235 75 1.8e-05
50 280 104 2.2e-05
10 27 21 5e-06
20 128 113 1e-05
30 135 62 1.4e-05
40 228 66 1.8e-05
50 287 80 1.7e-05
10 29 22 3e-06
20 116 100 8e-06
30 129 59 1.1e-05
40 175 77 1.2e-05
50 256 87 1.9e-05
10 34 30 6e-06
20 125 108 1e-05
30 106 51 1e-05
40 191 83 1.5e-05
50 261 98 1.9e-05
10 34 28 5e-06
20 90 72 9e-06
30 119 47 1e-05
40 180 81 1.5e-05
50 265 103 2e-05
