10 43 37 1e-05
20 111 96 9e-06
30 168 55 1.2e-05
40 195 71 1.4e-05
50 237 83 1.6e-05
10 31 23 4e-06
20 90 73 8e-06
30 124 47 1.1e-05
40 201 77 1.4e-05
50 247 87 1.6e-05
10 23 16 4e-06
20 106 90 1e-05
30 137 48 1.1e-05
40 177 68 1.2e-05
50 239 106 1.9e-05
10 24 16 4e-06
20 116 103 7e-06
30 134 59 2e-05
40 183 76 1.1e-05
50 275 102 1.6e-05
10 29 22 4e-06
20 114 97 8e-06
30 132 39 8e-06
40 200 82 1.2e-05
50 243 137 1.6e-05
10 35 26 4e-06
20 103 88 7e-06
30 108 43 9e-06
40 196 60 1.1e-05
50 243 79 1.5e-05
10 40 35 4e-06
20 109 94 7e-06
30 110 58 8e-06
40 174 71 1.1e-05
50 232 102 1.4e-05
10 29 22 4e-06
20 154 140 2e-05
30 136 55 1.3e-05
40 216 96 1.4e-05
50 275 100 2e-05
10 34 25 4e-06
20 128 113 1e-05
30 128 47 1e-05
40 193 76 1.5e-05
50 300 145 2.3e-05
10 33 27 4e-06
20 128 114 1.1e-05
30 108 48 9e-06
40 181 83 1.4e-05
50 288 91 2.2e-05
10 30 23 5e-06
20 115 101 1.1e-05
30 129 70 1e-05
40 221 54 1.4e-05
50 236 103 1.7e-05
10 38 32 5e-06
20 123 106 8e-06
30 122 43 8e-06
40 164 64 1.2e-05
50 248 125 1.7e-05
10 35 27 3e-06
20 126 107 8e-06
30 134 55 1e-05
40 199 74 1.4e-05
50 248 79 1.7e-05
10 32 24 4e-06
20 122 108 8e-06
30 141 47 1.1e-05
40 206 78 1.4e-05
50 287 102 1.9e-05
10 34 27 4e-06
20 137 120 1.1e-05
30 112 53 9e-06
40 180 73 3.6e-05
50 313 69 1.8e-05
10 35 27 3e-06
20 128 114 9e-06
30 114 49 9e-06
40 198 63 1.3e-05
50 221 115 1.5e-05
10 34 26 4e-06
20 113 98 6e-06
30 130 39 7e-06
40 210 104 1.4e-05
50 251 117 1.8e-05
10 41 37 5e-06
20 94 76 1.5e-05
30 111 50 1.1e-05
40 184 90 1.3e-05
50 273 130 1.2e-05
10 27 21 2e-06
20 103 87 4e-06
30 107 44 5e-06
40 165 76 7e-06
50 249 105 1e-05
10 24 16 2e-06
20 115 99 4e-06
30 134 79 6e-06
40 191 69 8e-06
50 240 81 9e-06
10 24 16 2e-06
20 88 70 2.9e-05
30 126 43 7e-06
40 171 67 8e-06
50 224 90 1e-05
10 28 20 2e-06
20 108 94 5e-06
30 113 52 5e-06
40 182 72 8e-06
50 256 79 1.1e-05
10 26 20 2e-06
20 128 113 5e-06
30 131 42 6e-06
40 178 76 8e-06
50 246 84 1.1e-05
10 33 26 2e-06
20 93 77 4e-06
30 116 62 5e-06
40 160 69 7e-06
50 254 105 1e-05
10 42 35 2e-06
20 111 94 4e-06
30 149 33 5e-06
40 203 70 8e-06
50 231 104 1e-05
10 35 28 2e-06
20 123 105 4e-06
30 144 48 6e-06
40 212 78 9e-06
50 278 122 1.1e-05
10 33 27 2e-06
20 113 97 4e-06
30 122 63 5e-06
40 175 72 7e-06
50 256 102 1e-05
10 30 25 2e-06
20 129 114 5e-06
30 161 44 6e-06
40 173 67 7e-06
50 298 113 1e-05
10 36 30 2e-06
20 92 77 4e-06
30 128 44 5e-06
40 194 87 8e-06
50 263 105 1e-05
10 31 24 1e-06
20 118 100 4e-06
30 103 45 5e-06
40 187 95 8e-06
50 280 107 2.1e-05
10 34 26 3e-06
20 89 73 7e-06
30 124 53 7e-06
40 206 99 8e-06
50 258 111 1.1e-05
10 33 26 6e-06
20 130 115 5e-06
30 129 37 6e-06
40 188 63 8e-06
50 244 85 1e-05
10 26 20 2e-06
20 108 90 4e-06
30 118 52 6e-06
40 192 71 8e-06
50 226 87 9e-06
10 29 23 2e-06
20 141 124 6e-06
30 109 53 6e-06
40 234 87 9e-06
50 230 92 9e-06
10 27 18 2e-06
20 125 110 5e-06
30 144 56 6e-06
40 196 65 1.1e-05
50 250 109 2e-05
10 33 27 2e-06
20 116 99 4e-06
30 162 37 6e-06
40 179 55 7e-06
50 240 123 1e-05
10 24 19 2e-06
20 103 85 6.5e-05
30 116 46 6e-06
40 185 77 9e-06
50 295 135 1.2e-05
10 32 24 2e-06
20 123 108 5e-06
30 163 42 7e-06
40 209 82 9e-06
50 241 98 1.1e-05
10 35 29 2e-06
20 112 96 5e-06
30 121 38 6e-06
40 198 71 9e-06
50 247 101 1.1e-05
10 38 32 3e-06
20 135 122 5e-06
30 115 63 6e-06
40 198 65 8e-06
50 264 84 1.1e-05
10 34 26 2e-06
20 97 81 5e-06
30 123 38 6e-06
40 170 62 8e-06
50 250 116 1.1e-05
10 42 37 2.1e-05
20 145 129 5e-06
30 135 53 7e-06
40 218 70 9e-06
50 229 92 1.1e-05
10 33 27 2e-06
20 118 102 6e-06
30 142 44 7e-06
40 179 82 8e-06
50 232 97 1.1e-05
10 33 26 2e-06
20 140 124 5e-06
30 132 41 6e-06
40 190 58 9e-06
50 269 93 1.1e-05
10 35 28 2e-06
20 117 101 5e-06
30 132 64 6e-06
40 238 64 1e-05
50 234 100 1.1e-05
10 27 19 2e-06
20 117 99 5e-06
30 110 54 6e-06
40 183 70 8e-06
50 317 164 1.4e-05
10 30 24 4e-06
20 99 83 4e-06
30 138 47 6e-06
40 184 56 9e-06
50 307 132 1.3e-05
10 30 24 2e-06
20 124 110 6e-06
30 148 54 7e-06
40 175 62 9e-06
50 270 109 1.1e-05
10 28 24 2e-06
20 116 99 5e-06
30 127 40 6e-06
40 160 90 8e-06
50 234 102 1.1e-05
10 36 28 2e-06
20 102 87 9e-06
30 109 48 5e-06
40 206 56 8e-06
50 222 98 9e-06
10 36 30 2e-06
20 105 88 4e-06
30 133 33 6e-06
40 177 76 7e-06
50 241 83 9e-06
10 36 29 4e-06
20 95 78 7e-06
30 105 44 8e-06
40 198 86 1.3e-05
50 231 80 1.5e-05
10 21 15 3e-06
20 120 104 8e-06
30 110 49 8e-06
40 180 62 1.1e-05
50 226 98 1.4e-05
10 25 18 4e-06
20 127 111 8e-06
30 122 39 9e-06
40 195 67 1.3e-05
50 265 83 1.8e-05
10 30 22 4e-06
20 114 97 9e-06
30 132 51 1e-05
40 198 76 1.4e-05
50 218 110 1.5e-05
10 30 23 4e-06
20 104 88 8e-06
30 120 68 8e-06
40 177 67 1e-05
50 250 108 1.5e-05
10 26 18 2e-06
20 106 90 4e-06
30 117 44 5e-06
40 191 89 8e-06
50 278 109 1.1e-05
10 34 27 3e-06
20 101 84 4e-06
30 104 50 5e-06
40 201 108 1e-05
50 251 88 1.1e-05
10 34 30 2e-06
20 109 93 5e-06
30 114 60 6e-06
40 205 92 9e-06
50 237 81 1e-05
10 38 31 2e-06
20 141 125 5e-06
30 123 45 7e-06
40 189 79 1.4e-05
50 267 121 1.7e-05
10 26 20 3e-06
20 137 123 6e-06
30 125 46 1.1e-05
40 218 89 1e-05
50 252 96 1.1e-05
10 27 20 2e-06
20 109 93 4e-06
30 149 51 7e-06
40 182 73 8e-06
50 284 131 1.3e-05
10 23 15 2e-06
20 108 89 5e-06
30 122 47 7e-06
40 213 80 1.4e-05
50 249 109 1.6e-05
10 27 19 4e-06
20 123 107 7e-06
30 153 63 6e-06
40 176 74 8e-06
50 276 92 2.6e-05
10 29 24 4e-06
20 129 113 5e-06
30 134 49 6e-06
40 185 65 8e-06
50 273 137 1e-05
10 30 22 2e-06
20 135 121 5e-06
30 127 39 6e-06
40 223 60 9e-06
50 264 88 1e-05
10 37 32 2e-06
20 132 117 5e-06
30 130 41 6e-06
40 207 80 8e-06
50 285 160 1.1e-05
10 28 21 2e-06
20 89 72 4e-06
30 118 39 5e-06
40 183 85 8e-06
50 302 84 1.1e-05
10 33 26 2e-06
20 120 102 4e-06
30 117 53 5e-06
40 207 65 8e-06
50 297 128 1.2e-05
10 32 25 2e-06
20 115 98 5e-06
30 114 52 5e-06
40 178 58 7e-06
50 280 118 1.1e-05
10 35 32 2e-06
20 105 87 4e-06
30 105 48 5e-06
40 167 74 7e-06
50 230 96 9e-06
10 24 16 2e-06
20 115 100 5e-06
30 111 49 5e-06
40 155 70 6e-06
50 360 135 1.3e-05
10 36 30 2e-06
20 101 85 4e-06
30 143 44 6e-06
40 170 77 7e-06
50 214 108 8e-06
10 32 27 2e-06
20 101 85 4e-06
30 116 58 5e-06
40 180 64 7e-06
50 248 104 9e-06
10 29 23 2e-06
20 134 116 5e-06
30 111 50 5e-06
40 186 71 1.9e-05
50 240 131 1.9e-05
10 29 23 2e-06
20 106 90 4e-06
30 138 65 6e-06
40 185 52 7e-06
50 245 79 9e-06
10 27 18 1e-06
20 99 84 4e-06
30 114 50 6e-06
40 194 71 8e-06
50 265 125 1e-05
10 34 27 2e-06
20 118 101 5e-06
30 140 64 6e-06
40 216 94 8e-06
50 230 99 9e-06
10 31 24 2e-06
20 112 98 5e-06
30 131 58 6e-06
40 230 102 9e-06
50 253 99 9e-06
10 37 34 2e-06
20 126 112 5e-06
30 133 40 6e-06
40 208 75 1e-05
50 233 98 9e-06
10 29 20 3e-06
20 119 103 4e-06
30 113 54 5e-06
40 213 56 8e-06
50 258 86 1e-05
10 30 23 2e-06
20 107 92 5e-06
30 118 60 5e-06
40 178 55 7e-06
50 229 114 9e-06
10 29 22 2e-06
20 106 90 4e-06
30 113 64 5e-06
40 175 71 7e-06
50 226 98 9e-06
10 25 17 1e-06
20 129 114 5e-06
30 144 66 6e-06
40 190 78 8e-06
50 262 128 1e-05
10 32 24 2e-06
20 102 86 4e-06
30 119 41 5e-06
40 208 48 8e-06
50 233 113 9e-06
10 27 18 2e-06
20 148 133 5e-06
30 140 63 5e-06
40 174 93 8e-06
50 247 87 2e-05
10 26 21 2e-06
20 103 85 4e-06
30 142 55 6e-06
40 158 64 7e-06
50 275 116 1.1e-05
10 36 31 2e-06
20 121 105 5e-06
30 117 38 5e-06
40 177 86 7e-06
50 242 116 1e-05
10 28 19 1e-06
20 99 82 4e-06
30 135 46 6e-06
40 187 56 7e-06
50 245 88 1e-05
10 30 22 2e-06
20 112 96 4e-06
30 130 59 6e-06
40 200 61 7e-06
50 258 145 1e-05
10 36 31 2e-06
20 110 96 5e-06
30 133 63 6e-06
40 194 84 8e-06
50 280 139 1e-05
10 27 21 2e-06
20 132 116 5e-06
30 116 36 5e-06
40 188 75 9e-06
50 264 103 1e-05
10 30 23 2e-06
20 103 84 4e-06
30 130 47 6e-06
40 200 57 7e-06
50 317 108 1.1e-05
10 27 19 2e-06
20 109 95 4e-06
30 114 61 5e-06
40 227 91 9e-06
50 259 115 1e-05
10 28 21 2e-06
20 104 90 4e-06
30 142 39 6e-06
40 203 62 8e-06
50 238 109 9e-06
10 31 25 2e-06
20 120 102 4e-06
30 130 38 5e-06
40 184 69 7e-06
50 240 105 1e-05
10 30 22 2e-06
20 104 87 4e-06
30 121 41 5e-06
40 225 70 9e-06
50 278 93 1e-05
10 41 37 1.5e-05
20 109 92 5e-06
30 116 51 6e-06
40 168 76 7e-06
50 231 83 9e-06
10 30 25 2e-06
20 100 82 4e-06
30 112 54 5e-06
40 175 113 8e-06
50 274 109 1e-05
10 31 24 2e-06
20 117 102 5e-06
30 117 50 5e-06
40 188 62 8e-06
50 232 88 9e-06
