10 29 21 7e-06
20 133 116 1e-05
30 270 242 1.7e-05
40 369 334 2.2e-05
50 649 601 4e-05
10 36 31 5e-06
20 117 103 9e-06
30 223 197 1.7e-05
40 447 412 3.1e-05
50 645 602 4.5e-05
10 28 20 4e-06
20 112 96 8e-06
30 238 212 1.7e-05
40 419 384 2.7e-05
50 645 597 4.1e-05
10 33 27 4e-06
20 117 100 9e-06
30 238 212 1.6e-05
40 454 419 3.1e-05
50 602 558 3.6e-05
10 34 27 4e-06
20 103 88 7e-06
30 273 251 1.8e-05
40 446 412 3.2e-05
50 765 722 0.000246
10 30 25 5e-06
20 102 87 9e-06
30 250 225 1.4e-05
40 420 386 2.5e-05
50 620 577 3.6e-05
10 32 23 4e-06
20 126 113 8e-06
30 267 240 2e-05
40 419 384 3.1e-05
50 613 566 4.4e-05
10 32 27 4e-06
20 112 93 1e-05
30 256 228 1.6e-05
40 446 411 2.8e-05
50 561 517 3.8e-05
10 38 33 4e-06
20 132 116 1e-05
30 294 268 2.2e-05
40 400 366 2.8e-05
50 750 706 5.4e-05
10 29 23 3e-06
20 114 98 9e-06
30 289 263 5e-05
40 442 408 3.2e-05
50 655 612 4.7e-05
10 30 22 6e-06
20 135 118 1e-05
30 234 206 1.8e-05
40 393 356 2.5e-05
50 714 669 4.6e-05
10 30 23 3e-06
20 129 116 9e-06
30 247 223 1.6e-05
40 410 373 2.5e-05
50 687 646 4.3e-05
10 31 25 4e-06
20 117 101 8e-06
30 248 224 9.4e-05
40 428 396 3.3e-05
50 656 610 5.1e-05
10 35 30 4e-06
20 127 112 1e-05
30 267 241 2.2e-05
40 452 416 3.5e-05
50 724 678 5.6e-05
10 28 20 4e-06
20 114 98 9e-06
30 232 207 1.6e-05
40 415 380 0.00012
50 561 512 3.6e-05
10 29 22 6e-06
20 119 103 1e-05
30 271 243 2e-05
40 412 377 2.8e-05
50 674 632 4.3e-05
10 25 17 6e-06
20 133 120 1.1e-05
30 252 224 1.9e-05
40 473 438 6.4e-05
50 654 607 4.1e-05
10 33 28 4e-06
20 107 91 8e-06
30 263 241 1.7e-05
40 460 424 3e-05
50 671 624 4.3e-05
10 37 30 3e-06
20 127 109 1e-05
30 271 246 1.9e-05
40 434 397 2.9e-05
50 651 605 4.4e-05
10 26 19 3e-06
20 111 97 9e-06
30 271 245 1.8e-05
40 479 444 3e-05
50 544 497 3.4e-05
10 24 16 4e-06
20 132 118 1e-05
30 202 178 1.5e-05
40 498 464 3.2e-05
50 742 696 5.3e-05
10 26 17 8e-06
20 133 118 1e-05
30 227 200 1.6e-05
40 443 405 2.8e-05
50 665 619 4.3e-05
10 25 17 3e-06
20 130 112 1e-05
30 275 252 2e-05
40 465 429 3e-05
50 654 608 4.1e-05
10 25 19 2e-06
20 115 99 1e-05
30 209 182 0.000105
40 514 478 3.2e-05
50 686 641 4.1e-05
10 36 31 3.5e-05
20 116 100 9e-06
30 216 192 1.5e-05
40 438 401 2.8e-05
50 602 556 3.8e-05
10 34 29 4e-06
20 119 105 8e-06
30 214 189 1.5e-05
40 329 293 2.2e-05
50 726 682 4.6e-05
10 35 27 3e-06
20 99 83 7e-06
30 275 249 1.8e-05
40 409 373 2.7e-05
50 648 600 4.1e-05
10 29 22 3e-06
20 117 101 9e-06
30 247 222 1.7e-05
40 365 327 2.4e-05
50 637 591 4e-05
10 24 17 2e-06
20 123 107 9e-06
30 278 255 1.8e-05
40 296 260 1.9e-05
50 723 676 4.5e-05
10 23 15 3e-06
20 107 90 8e-06
30 217 189 1.5e-05
40 430 396 2.8e-05
50 668 626 4.3e-05
10 29 22 3e-06
20 109 94 8e-06
30 247 222 1.6e-05
40 473 439 3e-05
50 670 624 5.7e-05
10 25 18 3e-06
20 124 108 9e-06
30 235 208 1.6e-05
40 427 391 2.8e-05
50 651 604 4.1e-05
10 30 23 3e-06
20 129 112 1e-05
30 221 197 1.5e-05
40 505 469 3.3e-05
50 717 672 4.5e-05
10 31 25 3e-06
20 105 89 8e-06
30 233 207 1.6e-05
40 435 400 2.7e-05
50 599 552 3.8e-05
10 40 33 4e-06
20 134 116 1e-05
30 272 246 1.7e-05
40 389 351 2.5e-05
50 655 610 4.1e-05
10 33 27 3e-06
20 121 105 9e-06
30 222 197 1.5e-05
40 462 426 2.9e-05
50 595 546 3.8e-05
10 31 26 3e-06
20 119 105 8e-06
30 267 241 1.7e-05
40 384 345 2.5e-05
50 771 726 4.8e-05
10 34 26 4e-06
20 97 81 8e-06
30 297 271 5.1e-05
40 344 307 2.2e-05
50 728 682 4.6e-05
10 37 29 4e-06
20 125 110 9e-06
30 258 233 1e-05
40 437 402 1.6e-05
50 623 575 2.2e-05
10 32 25 2e-06
20 141 125 6e-06
30 239 216 9e-06
40 449 413 1.7e-05
50 768 724 4.3e-05
10 32 25 2e-06
20 151 134 1.3e-05
30 232 205 1.6e-05
40 426 391 2.8e-05
50 686 641 4.5e-05
10 21 13 3e-06
20 124 110 1e-05
30 291 267 2e-05
40 471 436 3.2e-05
50 589 544 3.5e-05
10 39 33 4e-06
20 130 113 9e-06
30 246 222 1.9e-05
40 473 441 7.4e-05
50 588 544 4.5e-05
10 31 24 4e-06
20 122 103 1e-05
30 233 210 1.9e-05
40 433 398 3.3e-05
50 641 598 4.9e-05
10 35 28 4e-06
20 122 105 1e-05
30 232 206 1.9e-05
40 380 342 2.9e-05
50 701 660 4.2e-05
10 29 23 3e-06
20 123 108 9e-06
30 245 220 1.8e-05
40 410 371 2.9e-05
50 598 552 3.5e-05
10 30 24 0.00014
20 108 93 9e-06
30 224 198 1.4e-05
40 401 365 2.5e-05
50 657 610 4e-05
10 36 31 3e-06
20 115 100 8e-06
30 261 237 1.7e-05
40 376 338 2.4e-05
50 680 634 4.4e-05
10 28 20 4e-06
20 133 117 1e-05
30 213 187 1.8e-05
40 417 382 2.6e-05
50 627 580 3.5e-05
10 38 32 4e-06
20 107 90 9e-06
30 233 205 1.5e-05
40 458 424 3.2e-05
50 743 699 4.7e-05
10 39 32 4e-06
20 119 101 8e-06
30 262 237 1.7e-05
40 475 441 3.2e-05
50 610 564 3.7e-05
10 25 17 3e-06
20 108 91 9e-06
30 273 248 1.6e-05
40 426 390 3.1e-05
50 667 621 5.1e-05
10 29 20 6e-06
20 91 76 8e-06
30 277 253 7.8e-05
40 374 340 5.4e-05
50 666 618 0.000116
10 30 23 4e-06
20 129 115 1.2e-05
30 208 180 1.3e-05
40 427 390 2.8e-05
50 722 680 0.000122
10 29 21 4e-06
20 109 94 9e-06
30 248 225 6.7e-05
40 384 347 2.8e-05
50 634 591 4.5e-05
10 34 25 4e-06
20 134 121 1e-05
30 208 182 1.6e-05
40 493 457 3.5e-05
50 635 591 4.5e-05
10 30 23 2e-06
20 105 89 9e-06
30 229 200 1.8e-05
40 396 360 2.8e-05
50 580 535 4.3e-05
10 31 23 4e-06
20 107 90 9e-06
30 227 202 1.8e-05
40 442 407 3.5e-05
50 725 679 5.3e-05
10 33 27 4e-06
20 111 93 9e-06
30 260 235 1.4e-05
40 410 377 2.5e-05
50 738 694 5.1e-05
10 35 28 4e-06
20 114 98 1e-05
30 241 213 1.8e-05
40 498 462 3.1e-05
50 628 581 4.2e-05
10 27 19 4e-06
20 114 99 9e-06
30 264 240 1.9e-05
40 467 431 3.4e-05
50 670 625 4.7e-05
10 36 29 4e-06
20 122 106 1e-05
30 265 240 1.9e-05
40 393 359 2.8e-05
50 753 706 5.2e-05
10 25 17 3e-06
20 138 122 1.2e-05
30 263 239 1.9e-05
40 464 431 3.3e-05
50 596 550 4.2e-05
10 30 23 3e-06
20 123 104 9e-06
30 265 241 1.9e-05
40 507 472 9.5e-05
50 784 739 5.3e-05
10 33 27 4e-06
20 127 110 1e-05
30 256 231 1.9e-05
40 534 502 3.7e-05
50 636 591 4.2e-05
10 20 13 3e-06
20 116 101 1e-05
30 286 262 2.2e-05
40 381 344 1.4e-05
50 776 731 5.3e-05
10 25 17 4e-06
20 131 115 1e-05
30 307 283 1.9e-05
40 322 284 1.9e-05
50 605 561 4e-05
10 38 32 4e-06
20 103 88 9e-06
30 257 230 1.9e-05
40 364 327 2.3e-05
50 671 624 4.3e-05
10 31 25 4e-06
20 132 117 9e-06
30 246 222 1.7e-05
40 410 376 8.1e-05
50 633 588 4.1e-05
10 29 21 6e-06
20 134 118 1.1e-05
30 280 254 2.1e-05
40 387 351 7e-05
50 655 611 4.5e-05
10 33 25 4e-06
20 109 94 9e-06
30 217 193 1.7e-05
40 502 468 3.6e-05
50 694 646 4.3e-05
10 27 21 4e-06
20 130 113 1e-05
30 291 265 2.1e-05
40 362 326 0.000151
50 646 601 4e-05
10 36 30 4e-06
20 135 120 1e-05
30 235 211 1.9e-05
40 418 380 3.2e-05
50 705 660 5.3e-05
10 37 33 5e-06
20 102 89 8e-06
30 211 185 1.7e-05
40 406 373 3.1e-05
50 702 660 8.3e-05
10 29 21 3e-06
20 112 96 1e-05
30 233 209 1.9e-05
40 464 427 3.1e-05
50 610 563 4.6e-05
10 30 21 3e-06
20 112 94 9e-06
30 213 185 1.7e-05
40 521 489 3.6e-05
50 665 619 4e-05
10 30 23 4e-06
20 113 96 8e-06
30 292 268 1.9e-05
40 454 419 3e-05
50 594 547 6.9e-05
10 29 23 4e-06
20 129 116 1e-05
30 248 220 1.8e-05
40 542 507 3.7e-05
50 618 572 4.1e-05
10 29 21 5e-06
20 128 113 9e-06
30 269 241 1.9e-05
40 337 300 2.3e-05
50 728 682 4.7e-05
10 21 13 4e-06
20 117 102 1.3e-05
30 265 240 2e-05
40 386 350 2.8e-05
50 625 577 4.5e-05
10 24 15 3e-06
20 116 98 9e-06
30 265 240 2e-05
40 475 440 3.5e-05
50 574 529 3.4e-05
10 33 26 4e-06
20 113 96 9e-06
30 200 173 1.5e-05
40 489 455 3.2e-05
50 785 741 5.5e-05
10 30 23 4e-06
20 119 104 1e-05
30 215 187 1e-05
40 316 281 2.2e-05
50 619 577 2.2e-05
10 26 18 1e-06
20 79 62 5e-06
30 195 171 8e-06
40 394 356 1.4e-05
50 685 640 2.5e-05
10 32 24 2e-06
20 123 108 5e-06
30 225 198 9e-06
40 420 389 1.5e-05
50 683 637 2.4e-05
10 33 26 2e-06
20 137 122 6e-06
30 239 210 9e-06
40 398 367 1.5e-05
50 655 608 2.4e-05
10 18 11 1e-06
20 118 102 5e-06
30 239 214 9e-06
40 474 439 1.7e-05
50 720 678 2.6e-05
10 23 17 2e-06
20 97 79 4e-06
30 278 249 1e-05
40 463 427 1.7e-05
50 666 620 2.9e-05
10 35 29 2e-06
20 124 111 5e-06
30 252 225 9e-06
40 361 323 1.4e-05
50 668 622 2.3e-05
10 32 26 2e-06
20 99 82 5e-06
30 256 229 1e-05
40 424 389 1.6e-05
50 586 543 2.1e-05
10 26 18 2e-06
20 113 99 5e-06
30 248 221 1e-05
40 542 513 2e-05
50 647 602 2.3e-05
10 39 35 2e-06
20 133 117 6e-06
30 241 213 9e-06
40 473 436 1.7e-05
50 643 601 2.3e-05
10 31 24 2e-06
20 122 106 5e-06
30 282 257 6.4e-05
40 353 317 2.7e-05
50 585 536 3.6e-05
10 27 19 6e-06
20 113 98 8e-06
30 234 205 1.3e-05
40 408 372 2.8e-05
50 600 554 0.000115
10 22 14 5e-06
20 94 77 7e-06
30 217 190 3.6e-05
40 450 414 2.9e-05
50 748 704 4.8e-05
10 32 25 6e-06
20 103 87 8e-06
30 287 260 1.8e-05
40 420 386 2.9e-05
50 737 694 5e-05
10 27 19 3e-06
20 129 115 1.1e-05
30 236 212 1.7e-05
40 417 382 2.5e-05
50 641 594 4.1e-05
10 39 31 5e-06
20 91 76 7e-06
30 236 210 1.7e-05
40 483 447 3e-05
50 743 697 4.2e-05
10 34 29 4.9e-05
20 108 94 8e-06
30 221 197 1.4e-05
40 488 452 3.2e-05
50 602 556 3.9e-05
10 28 20 6e-06
20 130 116 1.1e-05
30 260 233 2.2e-05
40 325 288 2.4e-05
50 490 443 3.5e-05
