10 22 34 7e-06
20 66 88 7e-06
30 113 148 8e-06
40 167 216 1.1e-05
50 225 286 1.4e-05
10 23 34 2e-06
20 65 88 5e-06
30 115 148 8e-06
40 152 216 1e-05
50 222 286 1.4e-05
10 21 34 2e-06
20 63 88 5e-06
30 110 148 8e-06
40 161 216 1e-05
50 227 286 1.4e-05
10 23 34 3e-06
20 65 88 2.2e-05
30 113 148 8e-06
40 161 216 1e-05
50 222 286 1.3e-05
10 23 34 2e-06
20 62 88 4e-06
30 109 148 8e-06
40 169 216 1e-05
50 226 286 1.3e-05
10 25 34 2e-06
20 62 88 5e-06
30 112 148 7e-06
40 165 216 1e-05
50 218 286 1.3e-05
10 22 34 3e-06
20 65 88 5e-06
30 107 148 8e-06
40 166 216 1e-05
50 225 286 1.4e-05
10 23 34 3e-06
20 63 88 5e-06
30 108 148 7e-06
40 164 216 1.1e-05
50 218 286 1.3e-05
10 24 34 2e-06
20 66 88 5e-06
30 112 148 1.3e-05
40 173 216 1.1e-05
50 226 286 1.4e-05
10 23 34 3e-06
20 64 88 5e-06
30 110 148 7e-06
40 165 216 1e-05
50 221 286 1.3e-05
10 22 34 3e-06
20 62 88 4e-06
30 111 148 8e-06
40 162 216 1e-05
50 222 286 1.3e-05
10 22 34 3e-06
20 63 88 5e-06
30 114 148 8e-06
40 166 216 1e-05
50 220 286 1.3e-05
10 21 34 2e-06
20 63 88 4e-06
30 112 148 6e-06
40 162 216 8e-06
50 223 286 1.2e-05
10 24 34 2e-06
20 63 88 4e-06
30 112 148 8e-06
40 166 216 9e-06
50 212 286 1.1e-05
10 22 34 2e-06
20 67 88 5e-06
30 110 148 7e-06
40 163 216 9e-06
50 225 286 1.2e-05
10 22 34 2e-06
20 64 88 4e-06
30 115 148 6e-06
40 162 216 9e-06
50 222 286 1.2e-05
10 20 34 3e-06
20 62 88 4e-06
30 112 148 7e-06
40 167 216 9e-06
50 225 286 1.2e-05
10 24 34 3e-06
20 64 88 4e-06
30 117 148 7e-06
40 166 216 9e-06
50 221 286 1.2e-05
10 23 34 2e-06
20 62 88 4e-06
30 111 148 7e-06
40 166 216 9e-06
50 227 286 1.2e-05
10 23 34 4e-06
20 62 88 4e-06
30 109 148 7e-06
40 164 216 9e-06
50 221 286 1.2e-05
10 24 34 2e-06
20 64 88 4e-06
30 112 148 6e-06
40 173 216 9e-06
50 218 286 1.2e-05
10 24 34 3e-06
20 63 88 5e-06
30 113 148 7e-06
40 165 216 9e-06
50 227 286 1.2e-05
10 19 34 2e-06
20 60 88 5e-06
30 110 148 7e-06
40 163 216 9e-06
50 231 286 1.2e-05
10 24 34 2e-06
20 65 88 5e-06
30 113 148 7e-06
40 169 216 9e-06
50 222 286 1.2e-05
10 25 34 2e-06
20 60 88 4e-06
30 114 148 7e-06
40 164 216 1.1e-05
50 222 286 1.2e-05
10 21 34 2e-06
20 64 88 4e-06
30 112 148 6e-06
40 168 216 1e-05
50 223 286 1.2e-05
10 21 34 3e-06
20 67 88 5e-06
30 106 148 7e-06
40 166 216 1e-05
50 218 286 1.1e-05
10 22 34 2e-06
20 63 88 4e-06
30 112 148 6e-06
40 169 216 9e-06
50 222 286 1.2e-05
10 25 34 2e-06
20 61 88 4e-06
30 115 148 7e-06
40 166 216 8e-06
50 221 286 1.2e-05
10 24 34 3e-06
20 58 88 4e-06
30 107 148 6e-06
40 167 216 9e-06
50 225 286 1.2e-05
10 25 34 4e-06
20 65 88 5e-06
30 114 148 7e-06
40 164 216 9e-06
50 219 286 1.1e-05
10 25 34 2e-06
20 60 88 4e-06
30 107 148 6e-06
40 170 216 9e-06
50 226 286 1.2e-05
10 23 34 2e-06
20 63 88 4e-06
30 110 148 7e-06
40 166 216 9e-06
50 227 286 1.2e-05
10 22 34 2e-06
20 64 88 4e-06
30 110 148 6e-06
40 158 216 9e-06
50 226 286 1.2e-05
10 22 34 3e-06
20 64 88 4e-06
30 107 148 6e-06
40 160 216 8e-06
50 220 286 1.2e-05
10 25 34 3e-06
20 67 88 5e-06
30 113 148 7e-06
40 172 216 1e-05
50 230 286 1.5e-05
10 23 34 2e-06
20 64 88 4e-06
30 111 148 6e-06
40 164 216 9e-06
50 222 286 1.2e-05
10 22 34 3e-06
20 62 88 4e-06
30 111 148 6e-06
40 161 216 9e-06
50 222 286 1.2e-05
10 23 34 2e-06
20 65 88 4e-06
30 115 148 7e-06
40 167 216 9e-06
50 221 286 1.2e-05
10 23 34 2e-06
20 66 88 5e-06
30 107 148 7e-06
40 165 216 9e-06
50 223 286 1.1e-05
10 23 34 2e-06
20 66 88 4e-06
30 111 148 7e-06
40 163 216 9e-06
50 225 286 1.1e-05
10 24 34 2e-06
20 59 88 4e-06
30 108 148 9e-06
40 165 216 1e-05
50 213 286 1.4e-05
10 23 34 2e-06
20 65 88 5e-06
30 111 148 8e-06
40 169 216 1.1e-05
50 219 286 3.9e-05
10 24 34 3e-06
20 60 88 4e-06
30 112 148 2.6e-05
40 157 216 1e-05
50 218 286 1.3e-05
10 25 34 3e-06
20 68 88 4e-06
30 113 148 8e-06
40 164 216 3.6e-05
50 222 286 1.4e-05
10 24 34 3e-06
20 68 88 5e-06
30 112 148 8e-06
40 159 216 1e-05
50 217 286 1.3e-05
10 22 34 5e-06
20 65 88 5e-06
30 111 148 7e-06
40 162 216 1e-05
50 216 286 1.4e-05
10 23 34 3e-06
20 64 88 5e-06
30 112 148 8e-06
40 165 216 1e-05
50 226 286 1.3e-05
10 23 34 3e-06
20 64 88 5e-06
30 110 148 8e-06
40 169 216 1.1e-05
50 210 286 1.3e-05
10 24 34 2e-06
20 62 88 4e-06
30 114 148 7e-06
40 164 216 1e-05
50 223 286 1.3e-05
10 22 34 2e-06
20 61 88 4e-06
30 110 148 7e-06
40 167 216 1e-05
50 220 286 1.3e-05
10 22 34 3e-06
20 58 88 5e-06
30 111 148 8e-06
40 165 216 1.8e-05
50 222 286 1.2e-05
10 21 34 2e-06
20 63 88 4e-06
30 107 148 7e-06
40 165 216 9e-06
50 220 286 1.2e-05
10 23 34 3e-06
20 65 88 4e-06
30 111 148 6e-06
40 162 216 1e-05
50 224 286 1.2e-05
10 20 34 2e-06
20 64 88 4e-06
30 114 148 6e-06
40 165 216 9e-06
50 220 286 1.2e-05
10 23 34 2e-06
20 64 88 4e-06
30 110 148 7e-06
40 172 216 9e-06
50 218 286 1.2e-05
10 22 34 3e-06
20 62 88 4e-06
30 113 148 7e-06
40 163 216 1.1e-05
50 218 286 1.4e-05
10 24 34 3e-06
20 66 88 5e-06
30 111 148 8e-06
40 160 216 1e-05
50 225 286 1.3e-05
10 21 34 2e-06
20 64 88 5e-06
30 104 148 8e-06
40 161 216 1e-05
50 220 286 1.4e-05
10 23 34 3e-06
20 61 88 5e-06
30 110 148 8e-06
40 165 216 1.1e-05
50 223 286 1.3e-05
10 22 34 3e-06
20 67 88 5e-06
30 116 148 8e-06
40 160 216 1.1e-05
50 226 286 1.6e-05
10 22 34 3e-06
20 64 88 5e-06
30 113 148 9e-06
40 162 216 1e-05
50 222 286 1.4e-05
10 17 34 2e-06
20 62 88 4e-06
30 111 148 7e-06
40 156 216 1e-05
50 225 286 1.4e-05
10 24 34 2e-06
20 63 88 5e-06
30 113 148 8e-06
40 158 216 1e-05
50 227 286 1.3e-05
10 22 34 2e-06
20 62 88 5e-06
30 112 148 8e-06
40 170 216 1.1e-05
50 213 286 1.2e-05
10 23 34 2e-06
20 64 88 4e-06
30 110 148 6e-06
40 164 216 9e-06
50 223 286 1.2e-05
10 24 34 4e-06
20 65 88 4e-06
30 112 148 7e-06
40 163 216 1e-05
50 220 286 1.2e-05
10 21 34 2e-06
20 60 88 4e-06
30 112 148 7e-06
40 163 216 9e-06
50 223 286 1.2e-05
10 23 34 2e-06
20 66 88 4e-06
30 114 148 7e-06
40 169 216 9e-06
50 224 286 1.2e-05
10 22 34 3e-06
20 60 88 4e-06
30 109 148 7e-06
40 166 216 9e-06
50 226 286 1.2e-05
10 20 34 2e-06
20 64 88 4e-06
30 114 148 7e-06
40 169 216 9e-06
50 222 286 1.1e-05
10 22 34 2e-06
20 62 88 5e-06
30 111 148 7e-06
40 164 216 1.5e-05
50 220 286 1.3e-05
10 24 34 3e-06
20 60 88 5e-06
30 111 148 7e-06
40 170 216 1e-05
50 221 286 1.3e-05
10 25 34 8e-06
20 69 88 4e-06
30 111 148 8e-06
40 170 216 1.7e-05
50 214 286 2.1e-05
10 21 34 6e-06
20 60 88 9e-06
30 112 148 1.3e-05
40 163 216 1.7e-05
50 223 286 2e-05
10 23 34 5e-06
20 65 88 5e-06
30 114 148 1e-05
40 169 216 1.9e-05
50 228 286 1.2e-05
10 24 34 2e-06
20 64 88 4e-06
30 113 148 7e-06
40 159 216 9e-06
50 219 286 1.2e-05
10 21 34 2e-06
20 64 88 5e-06
30 107 148 7e-06
40 164 216 9e-06
50 212 286 1.2e-05
10 22 34 3e-06
20 62 88 4e-06
30 114 148 7e-06
40 165 216 9e-06
50 225 286 1.2e-05
10 23 34 3e-06
20 61 88 4e-06
30 113 148 7e-06
40 163 216 9e-06
50 225 286 1.2e-05
10 22 34 4e-06
20 63 88 5e-06
30 116 148 7e-06
40 167 216 9e-06
50 225 286 1.2e-05
10 24 34 2e-06
20 65 88 4e-06
30 112 148 7e-06
40 165 216 9e-06
50 216 286 1.2e-05
10 23 34 3e-06
20 66 88 4e-06
30 113 148 7e-06
40 165 216 9e-06
50 229 286 1.2e-05
10 23 34 2e-06
20 60 88 4e-06
30 109 148 6e-06
40 161 216 9e-06
50 223 286 1.2e-05
10 23 34 3e-06
20 64 88 4e-06
30 110 148 6e-06
40 162 216 9e-06
50 216 286 1.1e-05
10 20 34 2e-06
20 66 88 5e-06
30 104 148 7e-06
40 170 216 2.1e-05
50 222 286 1.2e-05
10 23 34 2e-06
20 61 88 4e-06
30 114 148 7e-06
40 170 216 9e-06
50 223 286 1.2e-05
10 24 34 2e-06
20 66 88 5e-06
30 113 148 7e-06
40 161 216 1e-05
50 220 286 1.4e-05
10 22 34 3e-06
20 66 88 4e-06
30 114 148 7e-06
40 168 216 9e-06
50 220 286 1.2e-05
10 24 34 2e-06
20 64 88 5e-06
30 109 148 6e-06
40 154 216 8e-06
50 224 286 1.2e-05
10 20 34 2e-06
20 64 88 5e-06
30 117 148 7e-06
40 169 216 9e-06
50 225 286 4.1e-05
10 21 34 3e-06
20 67 88 4e-06
30 109 148 7e-06
40 170 216 1e-05
50 219 286 1.2e-05
10 22 34 3e-06
20 65 88 5e-06
30 115 148 8e-06
40 168 216 1e-05
50 218 286 1.2e-05
10 23 34 2e-06
20 67 88 5e-06
30 114 148 7e-06
40 169 216 9e-06
50 219 286 1.1e-05
10 25 34 2e-06
20 66 88 5e-06
30 115 148 7e-06
40 170 216 9e-06
50 219 286 1.2e-05
10 24 34 2e-06
20 65 88 4e-06
30 115 148 7e-06
40 168 216 9e-06
50 219 286 1.2e-05
10 25 34 2e-06
20 62 88 6e-06
30 114 148 8e-06
40 166 216 1e-05
50 221 286 1.4e-05
10 22 34 2e-06
20 64 88 5e-06
30 111 148 8e-06
40 168 216 1e-05
50 217 286 1.3e-05
10 22 34 3e-06
20 63 88 5e-06
30 111 148 8e-06
40 171 216 1.1e-05
50 224 286 1.3e-05
10 23 34 2e-06
20 61 88 5e-06
30 112 148 8e-06
40 162 216 1e-05
50 221 286 1.4e-05
