10 31 7 4e-06
20 72 29 5e-06
30 140 36 6e-06
40 179 82 1e-05
50 259 94 1.1e-05
10 22 7 2e-06
20 82 45 5e-06
30 128 41 6e-06
40 172 78 9e-06
50 291 98 1.2e-05
10 21 10 2e-06
20 69 31 4e-06
30 157 74 7e-06
40 222 94 9e-06
50 290 142 1.2e-05
10 27 13 2e-06
20 64 28 3e-06
30 105 47 6e-06
40 208 93 8e-06
50 265 103 1.1e-05
10 23 12 1e-06
20 68 25 4e-06
30 126 50 6e-06
40 195 81 9e-06
50 278 74 1.2e-05
10 27 7 2e-06
20 66 31 4e-06
30 117 46 6e-06
40 203 57 9e-06
50 273 122 1.2e-05
10 26 9 2e-06
20 87 34 4e-06
30 129 62 6e-06
40 192 69 9e-06
50 234 82 1e-05
10 29 7 2e-06
20 66 39 4e-06
30 145 40 6e-06
40 197 99 9e-06
50 289 103 1.2e-05
10 23 6 2e-06
20 62 24 3e-06
30 145 65 7e-06
40 162 69 8e-06
50 229 94 1.1e-05
10 28 5 2e-06
20 66 26 4e-06
30 120 37 5e-06
40 169 91 9e-06
50 247 121 1.1e-05
10 24 8 2e-06
20 68 31 4e-06
30 117 38 6e-06
40 172 71 8e-06
50 246 82 1.1e-05
10 22 9 3e-06
20 83 35 5e-06
30 135 36 6e-06
40 176 86 8e-06
50 226 97 1e-05
10 27 8 3e-06
20 73 26 4e-06
30 115 47 6e-06
40 195 93 9e-06
50 286 79 1.2e-05
10 20 13 2e-06
20 74 38 4e-06
30 122 49 6e-06
40 215 82 1e-05
50 246 98 1.1e-05
10 29 9 3e-06
20 68 27 3e-06
30 120 49 6e-06
40 186 94 8e-06
50 247 94 1e-05
10 27 8 2e-06
20 61 34 4e-06
30 127 44 6e-06
40 214 84 9e-06
50 314 152 1.2e-05
10 23 10 2e-06
20 63 25 7e-06
30 124 45 6e-06
40 193 84 1.1e-05
50 224 96 1e-05
10 25 9 2e-06
20 67 30 3e-06
30 122 56 6e-06
40 164 72 7e-06
50 245 106 1.1e-05
10 23 8 2e-06
20 77 17 4e-06
30 111 54 6e-06
40 210 81 9e-06
50 303 102 1.2e-05
10 22 7 2e-06
20 65 29 4e-06
30 118 63 6e-06
40 194 82 8e-06
50 249 114 1.1e-05
10 38 7 2e-06
20 83 45 5e-06
30 108 46 6e-06
40 173 78 8e-06
50 271 116 1.1e-05
10 23 15 2e-06
20 63 34 2.1e-05
30 116 38 6e-06
40 190 66 9e-06
50 263 104 1e-05
10 23 14 2e-06
20 76 35 3e-06
30 131 64 5e-06
40 172 77 8e-06
50 234 95 9e-06
10 21 11 2e-06
20 94 25 4e-06
30 110 55 4e-06
40 225 63 9e-06
50 256 94 9e-06
10 22 8 1e-06
20 59 21 3e-06
30 111 58 5e-06
40 193 72 8e-06
50 249 106 9e-06
10 27 5 2e-06
20 66 26 3e-06
30 125 42 5e-06
40 178 78 7e-06
50 262 119 1e-05
10 31 5 2e-06
20 102 22 4e-06
30 127 41 5e-06
40 209 88 8e-06
50 267 96 1e-05
10 27 6 2e-06
20 58 28 3e-06
30 140 37 6e-06
40 177 63 7e-06
50 239 85 9e-06
10 21 10 2e-06
20 60 21 3e-06
30 104 41 5e-06
40 196 74 8e-06
50 261 94 1e-05
10 21 10 2e-06
20 72 25 4e-06
30 121 50 5e-06
40 204 102 8e-06
50 250 92 9e-06
10 23 9 1e-06
20 64 20 3e-06
30 123 40 6e-06
40 179 72 8e-06
50 241 114 9e-06
10 22 7 2e-06
20 70 34 3e-06
30 109 49 5e-06
40 201 63 8e-06
50 233 115 9e-06
10 27 7 2e-06
20 69 24 3e-06
30 138 44 6e-06
40 220 60 8e-06
50 235 114 2.1e-05
10 21 10 2e-06
20 86 27 4e-06
30 115 48 5e-06
40 212 93 8e-06
50 245 135 1e-05
10 21 9 2e-06
20 62 35 3e-06
30 114 57 5e-06
40 189 74 8e-06
50 252 92 9e-06
10 23 6 2e-06
20 70 20 3e-06
30 141 48 5e-06
40 199 68 8e-06
50 228 80 9e-06
10 25 9 2e-06
20 63 22 4e-06
30 128 49 5e-06
40 177 75 8e-06
50 293 116 1.1e-05
10 22 6 2e-06
20 67 25 3e-06
30 123 36 5e-06
40 205 79 8e-06
50 268 79 1e-05
10 24 8 1e-06
20 66 22 4e-06
30 122 35 5e-06
40 154 65 7e-06
50 261 97 1.2e-05
10 23 12 2e-06
20 77 22 3e-06
30 166 72 6e-06
40 226 73 8e-06
50 242 109 1e-05
10 26 6 2e-06
20 69 24 4e-06
30 113 50 5e-06
40 166 62 7e-06
50 249 84 9e-06
10 22 7 2e-06
20 91 32 4e-06
30 114 59 5e-06
40 211 51 8e-06
50 235 120 9e-06
10 23 10 2e-06
20 61 26 3e-06
30 110 50 5e-06
40 169 54 7e-06
50 222 95 9e-06
10 25 9 2e-06
20 72 29 4e-06
30 135 46 6e-06
40 167 61 7e-06
50 281 99 1.1e-05
10 25 7 2e-06
20 67 23 3e-06
30 122 38 6e-06
40 203 78 8e-06
50 242 102 1e-05
10 20 8 2e-06
20 67 22 4e-06
30 109 37 6e-06
40 202 85 9e-06
50 273 77 1.1e-05
10 19 12 2e-06
20 61 35 4e-06
30 136 37 6e-06
40 158 84 7e-06
50 279 126 1.2e-05
10 27 6 2e-06
20 73 22 4e-06
30 132 54 6e-06
40 184 65 8e-06
50 264 91 1.1e-05
10 23 9 2e-06
20 69 26 4e-06
30 125 44 6e-06
40 213 85 9e-06
50 251 85 1.1e-05
10 26 9 3e-06
20 67 33 4e-06
30 117 56 6e-06
40 159 68 9e-06
50 239 110 1.1e-05
10 20 16 2e-06
20 74 31 4e-06
30 109 58 5e-06
40 188 72 8e-06
50 245 91 1e-05
10 26 11 2e-06
20 60 25 4e-06
30 114 42 6e-06
40 196 77 9e-06
50 292 102 1.2e-05
10 30 5 2e-06
20 65 17 3e-06
30 121 65 6e-06
40 189 64 8e-06
50 289 109 4.6e-05
10 22 9 2e-06
20 61 22 4e-06
30 131 31 6e-06
40 209 89 1e-05
50 255 99 1.1e-05
10 24 12 2e-06
20 101 29 5e-06
30 119 49 6e-06
40 184 64 8e-06
50 253 127 1.2e-05
10 21 8 2e-06
20 68 29 4e-06
30 122 38 6e-06
40 171 95 8e-06
50 246 97 1.4e-05
10 20 12 2e-06
20 67 28 4e-06
30 147 48 7e-06
40 166 69 8e-06
50 308 127 1.3e-05
10 24 9 2e-06
20 58 26 3e-06
30 129 39 6e-06
40 211 82 9e-06
50 257 94 1.1e-05
10 24 5 2e-06
20 87 38 4e-06
30 123 50 6e-06
40 162 60 8e-06
50 229 90 1e-05
10 22 10 2e-06
20 61 35 4e-06
30 114 48 6e-06
40 170 72 8e-06
50 240 84 1.1e-05
10 25 9 2e-06
20 78 29 4e-06
30 112 63 5e-06
40 203 69 9e-06
50 221 92 1e-05
10 26 10 2e-06
20 75 20 4e-06
30 110 54 5e-06
40 193 82 9e-06
50 231 89 1e-05
10 28 11 3e-06
20 59 30 4e-06
30 141 48 7e-06
40 157 78 8e-06
50 257 102 1.1e-05
10 28 7 5e-06
20 59 21 4e-06
30 112 52 6e-06
40 203 84 9e-06
50 234 113 1.1e-05
10 20 13 2e-06
20 60 29 3e-06
30 137 36 6e-06
40 175 75 8e-06
50 268 118 1.2e-05
10 22 6 1e-06
20 78 33 4e-06
30 127 51 6e-06
40 205 91 9e-06
50 258 84 1.1e-05
10 23 6 1e-06
20 55 25 3e-06
30 121 66 6e-06
40 176 68 8e-06
50 294 83 1.2e-05
10 28 6 2e-06
20 71 19 4e-06
30 120 49 6e-06
40 165 74 8e-06
50 245 123 1.1e-05
10 28 9 2e-06
20 75 19 4e-06
30 139 41 7e-06
40 192 100 9e-06
50 239 94 1e-05
10 32 6 2e-06
20 59 21 3e-06
30 118 42 9e-06
40 177 72 8e-06
50 254 127 1.1e-05
10 34 5 2e-06
20 72 33 5e-06
30 166 68 7e-06
40 188 56 8e-06
50 268 94 1.6e-05
10 21 8 2e-06
20 75 30 4e-06
30 114 40 6e-06
40 203 66 9e-06
50 278 132 1.1e-05
10 22 3 2e-06
20 70 33 4e-06
30 137 48 6e-06
40 170 91 8e-06
50 262 96 1.1e-05
10 24 7 3e-06
20 78 37 7e-06
30 133 33 1e-05
40 165 68 8e-06
50 336 72 2.1e-05
10 27 7 2e-06
20 72 28 4e-06
30 107 41 5e-06
40 175 65 7e-06
50 279 98 1e-05
10 23 7 1e-06
20 74 33 4e-06
30 114 47 5e-06
40 199 95 8e-06
50 241 91 9e-06
10 28 9 2e-06
20 64 22 3e-06
30 122 59 6e-06
40 169 68 7e-06
50 251 111 9e-06
10 35 6 2e-06
20 72 25 4e-06
30 147 37 6e-06
40 189 68 7e-06
50 282 107 1e-05
10 23 9 2e-06
20 68 41 4e-06
30 139 49 6e-06
40 179 87 8e-06
50 249 123 9e-06
10 31 6 2e-06
20 59 23 3e-06
30 124 44 6e-06
40 226 81 9e-06
50 231 109 9e-06
10 25 7 2e-06
20 65 23 3e-06
30 133 45 5e-06
40 242 92 9e-06
50 288 93 1e-05
10 28 9 2e-06
20 57 29 3e-06
30 143 56 6e-06
40 228 79 9e-06
50 248 101 1e-05
10 25 9 2e-06
20 66 35 4e-06
30 124 41 5e-06
40 169 91 7e-06
50 272 155 1e-05
10 25 7 1e-06
20 85 27 4e-06
30 133 77 5e-06
40 203 95 8e-06
50 226 97 9e-06
10 23 4 2e-06
20 71 34 3e-06
30 138 49 5e-06
40 200 50 8e-06
50 254 129 1e-05
10 25 8 2e-06
20 63 30 4e-06
30 117 63 5e-06
40 194 71 8e-06
50 236 81 1.6e-05
10 23 12 2e-06
20 74 27 4e-06
30 133 61 6e-06
40 203 73 8e-06
50 240 107 9e-06
10 26 3 2e-06
20 70 27 4e-06
30 141 38 6e-06
40 178 82 8e-06
50 258 87 1e-05
10 31 11 3e-06
20 66 33 3e-06
30 118 59 5e-06
40 217 66 8e-06
50 249 112 1e-05
10 25 6 1e-06
20 86 25 7e-06
30 139 67 2.2e-05
40 231 100 9e-06
50 251 81 1e-05
10 24 8 2e-06
20 69 23 4e-06
30 121 44 1.5e-05
40 186 62 8e-06
50 256 109 1e-05
10 27 16 2e-06
20 63 23 3e-06
30 136 56 6e-06
40 169 66 7e-06
50 234 115 9e-06
10 25 8 2e-06
20 71 20 3e-06
30 105 42 4e-06
40 189 69 8e-06
50 242 88 1e-05
10 22 14 2e-06
20 61 32 3e-06
30 127 52 6e-06
40 198 63 7e-06
50 248 107 9e-06
10 22 10 2e-06
20 61 22 3e-06
30 125 47 5e-06
40 179 61 9e-06
50 242 97 2e-05
10 21 6 2e-06
20 78 28 4e-06
30 149 49 6e-06
40 223 85 8e-06
50 275 107 1e-05
10 20 7 2e-06
20 83 35 4e-06
30 121 40 5e-06
40 179 66 7e-06
50 256 77 1e-05
10 27 10 2e-06
20 66 38 4e-06
30 118 53 6e-06
40 195 73 8e-06
50 271 117 1e-05
10 22 5 1e-06
20 76 26 3e-06
30 115 68 5e-06
40 182 80 7e-06
50 254 71 9e-06
10 19 9 1e-06
20 65 24 4e-06
30 164 60 6e-06
40 205 77 8e-06
50 236 112 9e-06
